<?xml version="1.0" encoding="UTF-8"?>
<!-- Generated by org.testng.reporters.JUnitXMLReporter -->
<testsuite hostname="LAPTOP-B6F4M6SR" failures="0" tests="4" name="Default test" time="0.037" errors="0" timestamp="17 Jan 2023 18:43:11 GMT">
  <testcase classname="YEAR2023.JANUARY.SELENIUMTEST" name="applogin" time="0.011"/>
  <testcase classname="YEAR2023.JANUARY.SELENIUMTEST" name="branchlogin" time="0.002"/>
  <testcase classname="YEAR2023.JANUARY.SELENIUMTEST" name="phonelogin" time="0.001"/>
  <testcase classname="YEAR2023.JANUARY.SELENIUMTEST" name="weblogin" time="0.001"/>
</testsuite> <!-- Default test -->
