<?xml version="1.0" encoding="UTF-8"?>
<!-- Generated by org.testng.reporters.JUnitXMLReporter -->
<testsuite hostname="LAPTOP-B6F4M6SR" name="Test" tests="7" failures="0" timestamp="17 Jan 2023 21:21:42 GMT" time="0.027" errors="0">
  <testcase name="applogin" time="0.008" classname="YEAR2023.JANUARY.SELENIUMTEST"/>
  <testcase name="branchlogin" time="0.0" classname="YEAR2023.JANUARY.SELENIUMTEST"/>
  <testcase name="phonelogin" time="0.001" classname="YEAR2023.JANUARY.SELENIUMTEST"/>
  <testcase name="weblogin" time="0.001" classname="YEAR2023.JANUARY.SELENIUMTEST"/>
  <testcase name="APITESTLoanapplogin" time="0.001" classname="YEAR2023.JANUARY.APITEST"/>
  <testcase name="APITESTLoanbranchlogin" time="0.0" classname="YEAR2023.JANUARY.APITEST"/>
  <testcase name="APITESTLoanweblogin" time="0.0" classname="YEAR2023.JANUARY.APITEST"/>
</testsuite> <!-- Test -->
